CRITICAL - 2021-01-31 19:01:41 --> Class 'App\Controllers\AlbumsModel' not found
#0 C:\xampp\htdocs\disco\system\CodeIgniter.php(918): App\Controllers\Album->index()
#1 C:\xampp\htdocs\disco\system\CodeIgniter.php(404): CodeIgniter\CodeIgniter->runController(Object(App\Controllers\Album))
#2 C:\xampp\htdocs\disco\system\CodeIgniter.php(312): CodeIgniter\CodeIgniter->handleRequest(NULL, Object(Config\Cache), false)
#3 C:\xampp\htdocs\disco\public\index.php(45): CodeIgniter\CodeIgniter->run()
#4 {main}
CRITICAL - 2021-01-31 19:04:37 --> Cannot redeclare App\Models\AlbumsModel::$allowedFields
#0 [internal function]: CodeIgniter\Debug\Exceptions->shutdownHandler()
#1 {main}
CRITICAL - 2021-01-31 19:04:44 --> Cannot redeclare App\Models\AlbumsModel::$allowedFields
#0 [internal function]: CodeIgniter\Debug\Exceptions->shutdownHandler()
#1 {main}
CRITICAL - 2021-01-31 19:08:24 --> Cannot redeclare App\Models\AlbumsModel::$allowedFields
#0 [internal function]: CodeIgniter\Debug\Exceptions->shutdownHandler()
#1 {main}
CRITICAL - 2021-01-31 19:34:01 --> syntax error, unexpected '}'
#0 C:\xampp\htdocs\disco\system\Router\Router.php(195): CodeIgniter\Router\Router->autoRoute('album')
#1 C:\xampp\htdocs\disco\system\CodeIgniter.php(793): CodeIgniter\Router\Router->handle('album')
#2 C:\xampp\htdocs\disco\system\CodeIgniter.php(364): CodeIgniter\CodeIgniter->tryToRouteIt(Object(CodeIgniter\Router\RouteCollection))
#3 C:\xampp\htdocs\disco\system\CodeIgniter.php(312): CodeIgniter\CodeIgniter->handleRequest(NULL, Object(Config\Cache), false)
#4 C:\xampp\htdocs\disco\public\index.php(45): CodeIgniter\CodeIgniter->run()
#5 {main}
CRITICAL - 2021-01-31 21:20:15 --> Class 'App\Controllers\GenresModel' not found
#0 C:\xampp\htdocs\disco\system\CodeIgniter.php(918): App\Controllers\AlbumController->update()
#1 C:\xampp\htdocs\disco\system\CodeIgniter.php(404): CodeIgniter\CodeIgniter->runController(Object(App\Controllers\AlbumController))
#2 C:\xampp\htdocs\disco\system\CodeIgniter.php(312): CodeIgniter\CodeIgniter->handleRequest(NULL, Object(Config\Cache), false)
#3 C:\xampp\htdocs\disco\public\index.php(45): CodeIgniter\CodeIgniter->run()
#4 {main}
CRITICAL - 2021-01-31 21:25:35 --> syntax error, unexpected ')', expecting ']'
#0 C:\xampp\htdocs\disco\system\Router\Router.php(195): CodeIgniter\Router\Router->autoRoute('AlbumController...')
#1 C:\xampp\htdocs\disco\system\CodeIgniter.php(793): CodeIgniter\Router\Router->handle('AlbumController...')
#2 C:\xampp\htdocs\disco\system\CodeIgniter.php(364): CodeIgniter\CodeIgniter->tryToRouteIt(Object(CodeIgniter\Router\RouteCollection))
#3 C:\xampp\htdocs\disco\system\CodeIgniter.php(312): CodeIgniter\CodeIgniter->handleRequest(NULL, Object(Config\Cache), false)
#4 C:\xampp\htdocs\disco\public\index.php(45): CodeIgniter\CodeIgniter->run()
#5 {main}
CRITICAL - 2021-01-31 21:25:39 --> syntax error, unexpected ')', expecting ']'
#0 C:\xampp\htdocs\disco\system\Router\Router.php(195): CodeIgniter\Router\Router->autoRoute('AlbumController...')
#1 C:\xampp\htdocs\disco\system\CodeIgniter.php(793): CodeIgniter\Router\Router->handle('AlbumController...')
#2 C:\xampp\htdocs\disco\system\CodeIgniter.php(364): CodeIgniter\CodeIgniter->tryToRouteIt(Object(CodeIgniter\Router\RouteCollection))
#3 C:\xampp\htdocs\disco\system\CodeIgniter.php(312): CodeIgniter\CodeIgniter->handleRequest(NULL, Object(Config\Cache), false)
#4 C:\xampp\htdocs\disco\public\index.php(45): CodeIgniter\CodeIgniter->run()
#5 {main}
CRITICAL - 2021-01-31 21:49:27 --> Class 'App\Controllers\GenresModel' not found
#0 C:\xampp\htdocs\disco\system\CodeIgniter.php(918): App\Controllers\AlbumController->save()
#1 C:\xampp\htdocs\disco\system\CodeIgniter.php(404): CodeIgniter\CodeIgniter->runController(Object(App\Controllers\AlbumController))
#2 C:\xampp\htdocs\disco\system\CodeIgniter.php(312): CodeIgniter\CodeIgniter->handleRequest(NULL, Object(Config\Cache), false)
#3 C:\xampp\htdocs\disco\public\index.php(45): CodeIgniter\CodeIgniter->run()
#4 {main}
CRITICAL - 2021-01-31 22:34:51 --> Class 'App\Controllers\GenresModel' not found
#0 C:\xampp\htdocs\disco\system\CodeIgniter.php(918): App\Controllers\AlbumController->delete('32')
#1 C:\xampp\htdocs\disco\system\CodeIgniter.php(404): CodeIgniter\CodeIgniter->runController(Object(App\Controllers\AlbumController))
#2 C:\xampp\htdocs\disco\system\CodeIgniter.php(312): CodeIgniter\CodeIgniter->handleRequest(NULL, Object(Config\Cache), false)
#3 C:\xampp\htdocs\disco\public\index.php(45): CodeIgniter\CodeIgniter->run()
#4 {main}
